<?xml version="1.0" encoding="UTF-8"?>
<testsuite xmlns:xsi="http://www.w3.org/2001/XMLSchema-instance" xsi:noNamespaceSchemaLocation="https://maven.apache.org/surefire/maven-surefire-plugin/xsd/surefire-test-report.xsd" name="org.springframework.samples.petclinic.service.ClinicServiceTests" time="1.875" tests="11" errors="0" skipped="0" failures="0">
  <properties>
    <property name="awt.toolkit" value="sun.awt.X11.XToolkit"/>
    <property name="git.tags" value=""/>
    <property name="java.specification.version" value="11"/>
    <property name="sun.cpu.isalist" value=""/>
    <property name="sun.jnu.encoding" value="UTF-8"/>
    <property name="git.build.version" value="2.5.0-SNAPSHOT"/>
    <property name="java.class.path" value="/home/jenkins-server/Claude/spring-petclinic-hilla/target/test-classes:/home/jenkins-server/Claude/spring-petclinic-hilla/target/classes:/home/jenkins-server/.m2/repository/dev/hilla/hilla/1.0.0.beta3/hilla-1.0.0.beta3.jar:/home/jenkins-server/.m2/repository/com/vaadin/fusion-endpoint/23.0.0.beta3/fusion-endpoint-23.0.0.beta3.jar:/home/jenkins-server/.m2/repository/com/vaadin/flow-server/23.0.0.beta3/flow-server-23.0.0.beta3.jar:/home/jenkins-server/.m2/repository/com/vaadin/external/gwt/gwt-elemental/2.8.2.vaadin2/gwt-elemental-2.8.2.vaadin2.jar:/home/jenkins-server/.m2/repository/commons-fileupload/commons-fileupload/1.3.3/commons-fileupload-1.3.3.jar:/home/jenkins-server/.m2/repository/org/jsoup/jsoup/1.14.3/jsoup-1.14.3.jar:/home/jenkins-server/.m2/repository/com/helger/ph-css/6.5.0/ph-css-6.5.0.jar:/home/jenkins-server/.m2/repository/com/helger/commons/ph-commons/10.1.6/ph-commons-10.1.6.jar:/home/jenkins-server/.m2/repository/com/vaadin/external/gentyref/1.2.0.vaadin1/gentyref-1.2.0.vaadin1.jar:/home/jenkins-server/.m2/repository/org/apache/commons/commons-compress/1.21/commons-compress-1.21.jar:/home/jenkins-server/.m2/repository/org/apache/httpcomponents/httpclient/4.5.13/httpclient-4.5.13.jar:/home/jenkins-server/.m2/repository/org/apache/httpcomponents/httpcore/4.4.15/httpcore-4.4.15.jar:/home/jenkins-server/.m2/repository/commons-codec/commons-codec/1.15/commons-codec-1.15.jar:/home/jenkins-server/.m2/repository/commons-io/commons-io/2.11.0/commons-io-2.11.0.jar:/home/jenkins-server/.m2/repository/javax/validation/validation-api/2.0.1.Final/validation-api-2.0.1.Final.jar:/home/jenkins-server/.m2/repository/org/springframework/data/spring-data-commons/2.5.7/spring-data-commons-2.5.7.jar:/home/jenkins-server/.m2/repository/com/fasterxml/jackson/core/jackson-annotations/2.12.6/jackson-annotations-2.12.6.jar:/home/jenkins-server/.m2/repository/com/fasterxml/jackson/core/jackson-core/2.12.6/jackson-core-2.12.6.jar:/home/jenkins-server/.m2/repository/com/fasterxml/jackson/core/jackson-databind/2.12.6/jackson-databind-2.12.6.jar:/home/jenkins-server/.m2/repository/com/fasterxml/jackson/datatype/jackson-datatype-jsr310/2.12.6/jackson-datatype-jsr310-2.12.6.jar:/home/jenkins-server/.m2/repository/com/fasterxml/jackson/dataformat/jackson-dataformat-yaml/2.12.6/jackson-dataformat-yaml-2.12.6.jar:/home/jenkins-server/.m2/repository/org/slf4j/slf4j-ext/1.7.32/slf4j-ext-1.7.32.jar:/home/jenkins-server/.m2/repository/javax/annotation/javax.annotation-api/1.3.2/javax.annotation-api-1.3.2.jar:/home/jenkins-server/.m2/repository/com/github/javaparser/javaparser-symbol-solver-core/3.24.0/javaparser-symbol-solver-core-3.24.0.jar:/home/jenkins-server/.m2/repository/com/github/javaparser/javaparser-core/3.24.0/javaparser-core-3.24.0.jar:/home/jenkins-server/.m2/repository/com/google/guava/guava/31.0.1-jre/guava-31.0.1-jre.jar:/home/jenkins-server/.m2/repository/com/google/guava/failureaccess/1.0.1/failureaccess-1.0.1.jar:/home/jenkins-server/.m2/repository/com/google/guava/listenablefuture/9999.0-empty-to-avoid-conflict-with-guava/listenablefuture-9999.0-empty-to-avoid-conflict-with-guava.jar:/home/jenkins-server/.m2/repository/com/google/code/findbugs/jsr305/3.0.2/jsr305-3.0.2.jar:/home/jenkins-server/.m2/repository/org/checkerframework/checker-qual/3.12.0/checker-qual-3.12.0.jar:/home/jenkins-server/.m2/repository/com/google/errorprone/error_prone_annotations/2.7.1/error_prone_annotations-2.7.1.jar:/home/jenkins-server/.m2/repository/com/google/j2objc/j2objc-annotations/1.3/j2objc-annotations-1.3.jar:/home/jenkins-server/.m2/repository/io/swagger/codegen/v3/swagger-codegen/3.0.20/swagger-codegen-3.0.20.jar:/home/jenkins-server/.m2/repository/io/swagger/swagger-parser/1.0.51/swagger-parser-1.0.51.jar:/home/jenkins-server/.m2/repository/io/swagger/swagger-core/1.6.1/swagger-core-1.6.1.jar:/home/jenkins-server/.m2/repository/io/swagger/swagger-models/1.6.1/swagger-models-1.6.1.jar:/home/jenkins-server/.m2/repository/io/swagger/swagger-annotations/1.6.1/swagger-annotations-1.6.1.jar:/home/jenkins-server/.m2/repository/io/swagger/parser/v3/swagger-parser/2.0.20/swagger-parser-2.0.20.jar:/home/jenkins-server/.m2/repository/io/swagger/parser/v3/swagger-parser-v2-converter/2.0.20/swagger-parser-v2-converter-2.0.20.jar:/home/jenkins-server/.m2/repository/io/swagger/core/v3/swagger-models/2.1.2/swagger-models-2.1.2.jar:/home/jenkins-server/.m2/repository/io/swagger/parser/v3/swagger-parser-core/2.0.20/swagger-parser-core-2.0.20.jar:/home/jenkins-server/.m2/repository/io/swagger/parser/v3/swagger-parser-v3/2.0.20/swagger-parser-v3-2.0.20.jar:/home/jenkins-server/.m2/repository/io/swagger/core/v3/swagger-core/2.1.2/swagger-core-2.1.2.jar:/home/jenkins-server/.m2/repository/io/swagger/core/v3/swagger-annotations/2.1.2/swagger-annotations-2.1.2.jar:/home/jenkins-server/.m2/repository/io/swagger/swagger-codegen/2.4.14/swagger-codegen-2.4.14.jar:/home/jenkins-server/.m2/repository/io/swagger/swagger-compat-spec-parser/1.0.51/swagger-compat-spec-parser-1.0.51.jar:/home/jenkins-server/.m2/repository/com/github/java-json-tools/json-schema-validator/2.2.8/json-schema-validator-2.2.8.jar:/home/jenkins-server/.m2/repository/com/github/java-json-tools/json-schema-core/1.2.8/json-schema-core-1.2.8.jar:/home/jenkins-server/.m2/repository/org/mozilla/rhino/1.7R4/rhino-1.7R4.jar:/home/jenkins-server/.m2/repository/com/github/fge/uri-template/0.9/uri-template-0.9.jar:/home/jenkins-server/.m2/repository/joda-time/joda-time/2.9.7/joda-time-2.9.7.jar:/home/jenkins-server/.m2/repository/com/googlecode/libphonenumber/libphonenumber/8.0.0/libphonenumber-8.0.0.jar:/home/jenkins-server/.m2/repository/net/sf/jopt-simple/jopt-simple/5.0.3/jopt-simple-5.0.3.jar:/home/jenkins-server/.m2/repository/com/github/fge/json-patch/1.6/json-patch-1.6.jar:/home/jenkins-server/.m2/repository/com/github/fge/jackson-coreutils/1.6/jackson-coreutils-1.6.jar:/home/jenkins-server/.m2/repository/com/github/fge/msg-simple/1.1/msg-simple-1.1.jar:/home/jenkins-server/.m2/repository/com/github/fge/btf/1.2/btf-1.2.jar:/home/jenkins-server/.m2/repository/com/samskivert/jmustache/1.15/jmustache-1.15.jar:/home/jenkins-server/.m2/repository/org/apache/commons/commons-lang3/3.12.0/commons-lang3-3.12.0.jar:/home/jenkins-server/.m2/repository/commons-cli/commons-cli/1.2/commons-cli-1.2.jar:/home/jenkins-server/.m2/repository/com/github/jknack/handlebars/4.1.2/handlebars-4.1.2.jar:/home/jenkins-server/.m2/repository/com/atlassian/commonmark/commonmark/0.9.0/commonmark-0.9.0.jar:/home/jenkins-server/.m2/repository/io/swagger/codegen/v3/swagger-codegen-generators/1.0.20/swagger-codegen-generators-1.0.20.jar:/home/jenkins-server/.m2/repository/com/vaadin/vaadin-dev-server/23.0.0.beta3/vaadin-dev-server-23.0.0.beta3.jar:/home/jenkins-server/.m2/repository/com/vaadin/flow-client/23.0.0.beta3/flow-client-23.0.0.beta3.jar:/home/jenkins-server/.m2/repository/com/vaadin/vaadin-lumo-theme/23.0.0.beta3/vaadin-lumo-theme-23.0.0.beta3.jar:/home/jenkins-server/.m2/repository/com/vaadin/vaadin-material-theme/23.0.0.beta3/vaadin-material-theme-23.0.0.beta3.jar:/home/jenkins-server/.m2/repository/dev/hilla/hilla-spring-boot-starter/1.0.0.beta3/hilla-spring-boot-starter-1.0.0.beta3.jar:/home/jenkins-server/.m2/repository/com/vaadin/vaadin-spring/23.0.0.beta3/vaadin-spring-23.0.0.beta3.jar:/home/jenkins-server/.m2/repository/com/vaadin/flow-push/23.0.0.beta3/flow-push-23.0.0.beta3.jar:/home/jenkins-server/.m2/repository/com/vaadin/external/atmosphere/atmosphere-runtime/2.7.3.slf4jvaadin3/atmosphere-runtime-2.7.3.slf4jvaadin3.jar:/home/jenkins-server/.m2/repository/org/springframework/spring-websocket/5.3.14/spring-websocket-5.3.14.jar:/home/jenkins-server/.m2/repository/org/springframework/boot/spring-boot-starter-actuator/2.5.8/spring-boot-starter-actuator-2.5.8.jar:/home/jenkins-server/.m2/repository/org/springframework/boot/spring-boot-starter/2.5.8/spring-boot-starter-2.5.8.jar:/home/jenkins-server/.m2/repository/org/springframework/boot/spring-boot-starter-logging/2.5.8/spring-boot-starter-logging-2.5.8.jar:/home/jenkins-server/.m2/repository/ch/qos/logback/logback-classic/1.2.9/logback-classic-1.2.9.jar:/home/jenkins-server/.m2/repository/ch/qos/logback/logback-core/1.2.9/logback-core-1.2.9.jar:/home/jenkins-server/.m2/repository/org/apache/logging/log4j/log4j-to-slf4j/2.17.0/log4j-to-slf4j-2.17.0.jar:/home/jenkins-server/.m2/repository/org/apache/logging/log4j/log4j-api/2.17.0/log4j-api-2.17.0.jar:/home/jenkins-server/.m2/repository/org/slf4j/jul-to-slf4j/1.7.32/jul-to-slf4j-1.7.32.jar:/home/jenkins-server/.m2/repository/jakarta/annotation/jakarta.annotation-api/1.3.5/jakarta.annotation-api-1.3.5.jar:/home/jenkins-server/.m2/repository/org/yaml/snakeyaml/1.28/snakeyaml-1.28.jar:/home/jenkins-server/.m2/repository/org/springframework/boot/spring-boot-actuator-autoconfigure/2.5.8/spring-boot-actuator-autoconfigure-2.5.8.jar:/home/jenkins-server/.m2/repository/org/springframework/boot/spring-boot-actuator/2.5.8/spring-boot-actuator-2.5.8.jar:/home/jenkins-server/.m2/repository/io/micrometer/micrometer-core/1.7.7/micrometer-core-1.7.7.jar:/home/jenkins-server/.m2/repository/org/hdrhistogram/HdrHistogram/2.1.12/HdrHistogram-2.1.12.jar:/home/jenkins-server/.m2/repository/org/latencyutils/LatencyUtils/2.0.3/LatencyUtils-2.0.3.jar:/home/jenkins-server/.m2/repository/org/springframework/boot/spring-boot-starter-cache/2.5.8/spring-boot-starter-cache-2.5.8.jar:/home/jenkins-server/.m2/repository/org/springframework/spring-context-support/5.3.14/spring-context-support-5.3.14.jar:/home/jenkins-server/.m2/repository/org/springframework/spring-beans/5.3.14/spring-beans-5.3.14.jar:/home/jenkins-server/.m2/repository/org/springframework/spring-context/5.3.14/spring-context-5.3.14.jar:/home/jenkins-server/.m2/repository/org/springframework/boot/spring-boot-starter-data-jpa/2.5.8/spring-boot-starter-data-jpa-2.5.8.jar:/home/jenkins-server/.m2/repository/org/springframework/boot/spring-boot-starter-aop/2.5.8/spring-boot-starter-aop-2.5.8.jar:/home/jenkins-server/.m2/repository/org/springframework/spring-aop/5.3.14/spring-aop-5.3.14.jar:/home/jenkins-server/.m2/repository/org/aspectj/aspectjweaver/1.9.7/aspectjweaver-1.9.7.jar:/home/jenkins-server/.m2/repository/org/springframework/boot/spring-boot-starter-jdbc/2.5.8/spring-boot-starter-jdbc-2.5.8.jar:/home/jenkins-server/.m2/repository/com/zaxxer/HikariCP/4.0.3/HikariCP-4.0.3.jar:/home/jenkins-server/.m2/repository/org/springframework/spring-jdbc/5.3.14/spring-jdbc-5.3.14.jar:/home/jenkins-server/.m2/repository/jakarta/transaction/jakarta.transaction-api/1.3.3/jakarta.transaction-api-1.3.3.jar:/home/jenkins-server/.m2/repository/jakarta/persistence/jakarta.persistence-api/2.2.3/jakarta.persistence-api-2.2.3.jar:/home/jenkins-server/.m2/repository/org/hibernate/hibernate-core/5.4.33/hibernate-core-5.4.33.jar:/home/jenkins-server/.m2/repository/org/jboss/logging/jboss-logging/3.4.2.Final/jboss-logging-3.4.2.Final.jar:/home/jenkins-server/.m2/repository/org/javassist/javassist/3.27.0-GA/javassist-3.27.0-GA.jar:/home/jenkins-server/.m2/repository/net/bytebuddy/byte-buddy/1.10.22/byte-buddy-1.10.22.jar:/home/jenkins-server/.m2/repository/antlr/antlr/2.7.7/antlr-2.7.7.jar:/home/jenkins-server/.m2/repository/org/jboss/jandex/2.2.3.Final/jandex-2.2.3.Final.jar:/home/jenkins-server/.m2/repository/com/fasterxml/classmate/1.5.1/classmate-1.5.1.jar:/home/jenkins-server/.m2/repository/org/dom4j/dom4j/2.1.3/dom4j-2.1.3.jar:/home/jenkins-server/.m2/repository/org/hibernate/common/hibernate-commons-annotations/5.1.2.Final/hibernate-commons-annotations-5.1.2.Final.jar:/home/jenkins-server/.m2/repository/org/glassfish/jaxb/jaxb-runtime/2.3.5/jaxb-runtime-2.3.5.jar:/home/jenkins-server/.m2/repository/org/glassfish/jaxb/txw2/2.3.5/txw2-2.3.5.jar:/home/jenkins-server/.m2/repository/com/sun/istack/istack-commons-runtime/3.0.12/istack-commons-runtime-3.0.12.jar:/home/jenkins-server/.m2/repository/com/sun/activation/jakarta.activation/1.2.2/jakarta.activation-1.2.2.jar:/home/jenkins-server/.m2/repository/org/springframework/data/spring-data-jpa/2.5.7/spring-data-jpa-2.5.7.jar:/home/jenkins-server/.m2/repository/org/springframework/spring-orm/5.3.14/spring-orm-5.3.14.jar:/home/jenkins-server/.m2/repository/org/springframework/spring-tx/5.3.14/spring-tx-5.3.14.jar:/home/jenkins-server/.m2/repository/org/springframework/spring-aspects/5.3.14/spring-aspects-5.3.14.jar:/home/jenkins-server/.m2/repository/org/springframework/boot/spring-boot-starter-web/2.5.8/spring-boot-starter-web-2.5.8.jar:/home/jenkins-server/.m2/repository/org/springframework/boot/spring-boot-starter-json/2.5.8/spring-boot-starter-json-2.5.8.jar:/home/jenkins-server/.m2/repository/com/fasterxml/jackson/datatype/jackson-datatype-jdk8/2.12.6/jackson-datatype-jdk8-2.12.6.jar:/home/jenkins-server/.m2/repository/com/fasterxml/jackson/module/jackson-module-parameter-names/2.12.6/jackson-module-parameter-names-2.12.6.jar:/home/jenkins-server/.m2/repository/org/springframework/boot/spring-boot-starter-tomcat/2.5.8/spring-boot-starter-tomcat-2.5.8.jar:/home/jenkins-server/.m2/repository/org/apache/tomcat/embed/tomcat-embed-core/9.0.56/tomcat-embed-core-9.0.56.jar:/home/jenkins-server/.m2/repository/org/apache/tomcat/embed/tomcat-embed-websocket/9.0.56/tomcat-embed-websocket-9.0.56.jar:/home/jenkins-server/.m2/repository/org/springframework/spring-web/5.3.14/spring-web-5.3.14.jar:/home/jenkins-server/.m2/repository/org/springframework/spring-webmvc/5.3.14/spring-webmvc-5.3.14.jar:/home/jenkins-server/.m2/repository/org/springframework/spring-expression/5.3.14/spring-expression-5.3.14.jar:/home/jenkins-server/.m2/repository/org/springframework/boot/spring-boot-starter-validation/2.5.8/spring-boot-starter-validation-2.5.8.jar:/home/jenkins-server/.m2/repository/org/apache/tomcat/embed/tomcat-embed-el/9.0.56/tomcat-embed-el-9.0.56.jar:/home/jenkins-server/.m2/repository/org/hibernate/validator/hibernate-validator/6.2.0.Final/hibernate-validator-6.2.0.Final.jar:/home/jenkins-server/.m2/repository/jakarta/validation/jakarta.validation-api/2.0.2/jakarta.validation-api-2.0.2.jar:/home/jenkins-server/.m2/repository/org/springframework/boot/spring-boot-starter-test/2.5.8/spring-boot-starter-test-2.5.8.jar:/home/jenkins-server/.m2/repository/org/springframework/boot/spring-boot-test/2.5.8/spring-boot-test-2.5.8.jar:/home/jenkins-server/.m2/repository/org/springframework/boot/spring-boot-test-autoconfigure/2.5.8/spring-boot-test-autoconfigure-2.5.8.jar:/home/jenkins-server/.m2/repository/com/jayway/jsonpath/json-path/2.5.0/json-path-2.5.0.jar:/home/jenkins-server/.m2/repository/net/minidev/json-smart/2.4.7/json-smart-2.4.7.jar:/home/jenkins-server/.m2/repository/net/minidev/accessors-smart/2.4.7/accessors-smart-2.4.7.jar:/home/jenkins-server/.m2/repository/org/ow2/asm/asm/9.1/asm-9.1.jar:/home/jenkins-server/.m2/repository/jakarta/xml/bind/jakarta.xml.bind-api/2.3.3/jakarta.xml.bind-api-2.3.3.jar:/home/jenkins-server/.m2/repository/jakarta/activation/jakarta.activation-api/1.2.2/jakarta.activation-api-1.2.2.jar:/home/jenkins-server/.m2/repository/org/assertj/assertj-core/3.19.0/assertj-core-3.19.0.jar:/home/jenkins-server/.m2/repository/org/hamcrest/hamcrest/2.2/hamcrest-2.2.jar:/home/jenkins-server/.m2/repository/org/junit/jupiter/junit-jupiter/5.7.2/junit-jupiter-5.7.2.jar:/home/jenkins-server/.m2/repository/org/junit/jupiter/junit-jupiter-api/5.7.2/junit-jupiter-api-5.7.2.jar:/home/jenkins-server/.m2/repository/org/apiguardian/apiguardian-api/1.1.0/apiguardian-api-1.1.0.jar:/home/jenkins-server/.m2/repository/org/opentest4j/opentest4j/1.2.0/opentest4j-1.2.0.jar:/home/jenkins-server/.m2/repository/org/junit/platform/junit-platform-commons/1.7.2/junit-platform-commons-1.7.2.jar:/home/jenkins-server/.m2/repository/org/junit/jupiter/junit-jupiter-params/5.7.2/junit-jupiter-params-5.7.2.jar:/home/jenkins-server/.m2/repository/org/junit/jupiter/junit-jupiter-engine/5.7.2/junit-jupiter-engine-5.7.2.jar:/home/jenkins-server/.m2/repository/org/junit/platform/junit-platform-engine/1.7.2/junit-platform-engine-1.7.2.jar:/home/jenkins-server/.m2/repository/org/mockito/mockito-core/3.9.0/mockito-core-3.9.0.jar:/home/jenkins-server/.m2/repository/net/bytebuddy/byte-buddy-agent/1.10.22/byte-buddy-agent-1.10.22.jar:/home/jenkins-server/.m2/repository/org/objenesis/objenesis/3.2/objenesis-3.2.jar:/home/jenkins-server/.m2/repository/org/mockito/mockito-junit-jupiter/3.9.0/mockito-junit-jupiter-3.9.0.jar:/home/jenkins-server/.m2/repository/org/skyscreamer/jsonassert/1.5.0/jsonassert-1.5.0.jar:/home/jenkins-server/.m2/repository/com/vaadin/external/google/android-json/0.0.20131108.vaadin1/android-json-0.0.20131108.vaadin1.jar:/home/jenkins-server/.m2/repository/org/springframework/spring-core/5.3.14/spring-core-5.3.14.jar:/home/jenkins-server/.m2/repository/org/springframework/spring-jcl/5.3.14/spring-jcl-5.3.14.jar:/home/jenkins-server/.m2/repository/org/springframework/spring-test/5.3.14/spring-test-5.3.14.jar:/home/jenkins-server/.m2/repository/org/xmlunit/xmlunit-core/2.8.4/xmlunit-core-2.8.4.jar:/home/jenkins-server/.m2/repository/com/h2database/h2/1.4.200/h2-1.4.200.jar:/home/jenkins-server/.m2/repository/mysql/mysql-connector-java/8.0.27/mysql-connector-java-8.0.27.jar:/home/jenkins-server/.m2/repository/javax/cache/cache-api/1.1.1/cache-api-1.1.1.jar:/home/jenkins-server/.m2/repository/org/ehcache/ehcache/3.9.9/ehcache-3.9.9.jar:/home/jenkins-server/.m2/repository/org/slf4j/slf4j-api/1.7.32/slf4j-api-1.7.32.jar:/home/jenkins-server/.m2/repository/org/springframework/boot/spring-boot-devtools/2.5.8/spring-boot-devtools-2.5.8.jar:/home/jenkins-server/.m2/repository/org/springframework/boot/spring-boot/2.5.8/spring-boot-2.5.8.jar:/home/jenkins-server/.m2/repository/org/springframework/boot/spring-boot-autoconfigure/2.5.8/spring-boot-autoconfigure-2.5.8.jar:/home/jenkins-server/.m2/repository/org/modelmapper/modelmapper/2.4.4/modelmapper-2.4.4.jar:"/>
    <property name="git.branch" value="main"/>
    <property name="git.build.host" value="jenkins-vm"/>
    <property name="java.vm.vendor" value="Ubuntu"/>
    <property name="sun.arch.data.model" value="64"/>
    <property name="git.commit.id" value="d9b68548f57d612b507ae10edc47ad13e71d2dad"/>
    <property name="java.vendor.url" value="https://ubuntu.com/"/>
    <property name="user.timezone" value=""/>
    <property name="os.name" value="Linux"/>
    <property name="java.vm.specification.version" value="11"/>
    <property name="git.commit.author.time" value="2022-02-20T22:02:36+0000"/>
    <property name="sun.java.launcher" value="SUN_STANDARD"/>
    <property name="user.country" value="US"/>
    <property name="git.build.user.name" value=""/>
    <property name="sun.boot.library.path" value="/usr/lib/jvm/java-11-openjdk-amd64/lib"/>
    <property name="sun.java.command" value="/home/jenkins-server/Claude/spring-petclinic-hilla/target/surefire/surefirebooter2860591232414469694.jar /home/jenkins-server/Claude/spring-petclinic-hilla/target/surefire 2023-04-26T02-40-19_483-jvmRun1 surefire4237936173081382894tmp surefire_015861005361470209451tmp"/>
    <property name="jdk.debug" value="release"/>
    <property name="surefire.test.class.path" value="/home/jenkins-server/Claude/spring-petclinic-hilla/target/test-classes:/home/jenkins-server/Claude/spring-petclinic-hilla/target/classes:/home/jenkins-server/.m2/repository/dev/hilla/hilla/1.0.0.beta3/hilla-1.0.0.beta3.jar:/home/jenkins-server/.m2/repository/com/vaadin/fusion-endpoint/23.0.0.beta3/fusion-endpoint-23.0.0.beta3.jar:/home/jenkins-server/.m2/repository/com/vaadin/flow-server/23.0.0.beta3/flow-server-23.0.0.beta3.jar:/home/jenkins-server/.m2/repository/com/vaadin/external/gwt/gwt-elemental/2.8.2.vaadin2/gwt-elemental-2.8.2.vaadin2.jar:/home/jenkins-server/.m2/repository/commons-fileupload/commons-fileupload/1.3.3/commons-fileupload-1.3.3.jar:/home/jenkins-server/.m2/repository/org/jsoup/jsoup/1.14.3/jsoup-1.14.3.jar:/home/jenkins-server/.m2/repository/com/helger/ph-css/6.5.0/ph-css-6.5.0.jar:/home/jenkins-server/.m2/repository/com/helger/commons/ph-commons/10.1.6/ph-commons-10.1.6.jar:/home/jenkins-server/.m2/repository/com/vaadin/external/gentyref/1.2.0.vaadin1/gentyref-1.2.0.vaadin1.jar:/home/jenkins-server/.m2/repository/org/apache/commons/commons-compress/1.21/commons-compress-1.21.jar:/home/jenkins-server/.m2/repository/org/apache/httpcomponents/httpclient/4.5.13/httpclient-4.5.13.jar:/home/jenkins-server/.m2/repository/org/apache/httpcomponents/httpcore/4.4.15/httpcore-4.4.15.jar:/home/jenkins-server/.m2/repository/commons-codec/commons-codec/1.15/commons-codec-1.15.jar:/home/jenkins-server/.m2/repository/commons-io/commons-io/2.11.0/commons-io-2.11.0.jar:/home/jenkins-server/.m2/repository/javax/validation/validation-api/2.0.1.Final/validation-api-2.0.1.Final.jar:/home/jenkins-server/.m2/repository/org/springframework/data/spring-data-commons/2.5.7/spring-data-commons-2.5.7.jar:/home/jenkins-server/.m2/repository/com/fasterxml/jackson/core/jackson-annotations/2.12.6/jackson-annotations-2.12.6.jar:/home/jenkins-server/.m2/repository/com/fasterxml/jackson/core/jackson-core/2.12.6/jackson-core-2.12.6.jar:/home/jenkins-server/.m2/repository/com/fasterxml/jackson/core/jackson-databind/2.12.6/jackson-databind-2.12.6.jar:/home/jenkins-server/.m2/repository/com/fasterxml/jackson/datatype/jackson-datatype-jsr310/2.12.6/jackson-datatype-jsr310-2.12.6.jar:/home/jenkins-server/.m2/repository/com/fasterxml/jackson/dataformat/jackson-dataformat-yaml/2.12.6/jackson-dataformat-yaml-2.12.6.jar:/home/jenkins-server/.m2/repository/org/slf4j/slf4j-ext/1.7.32/slf4j-ext-1.7.32.jar:/home/jenkins-server/.m2/repository/javax/annotation/javax.annotation-api/1.3.2/javax.annotation-api-1.3.2.jar:/home/jenkins-server/.m2/repository/com/github/javaparser/javaparser-symbol-solver-core/3.24.0/javaparser-symbol-solver-core-3.24.0.jar:/home/jenkins-server/.m2/repository/com/github/javaparser/javaparser-core/3.24.0/javaparser-core-3.24.0.jar:/home/jenkins-server/.m2/repository/com/google/guava/guava/31.0.1-jre/guava-31.0.1-jre.jar:/home/jenkins-server/.m2/repository/com/google/guava/failureaccess/1.0.1/failureaccess-1.0.1.jar:/home/jenkins-server/.m2/repository/com/google/guava/listenablefuture/9999.0-empty-to-avoid-conflict-with-guava/listenablefuture-9999.0-empty-to-avoid-conflict-with-guava.jar:/home/jenkins-server/.m2/repository/com/google/code/findbugs/jsr305/3.0.2/jsr305-3.0.2.jar:/home/jenkins-server/.m2/repository/org/checkerframework/checker-qual/3.12.0/checker-qual-3.12.0.jar:/home/jenkins-server/.m2/repository/com/google/errorprone/error_prone_annotations/2.7.1/error_prone_annotations-2.7.1.jar:/home/jenkins-server/.m2/repository/com/google/j2objc/j2objc-annotations/1.3/j2objc-annotations-1.3.jar:/home/jenkins-server/.m2/repository/io/swagger/codegen/v3/swagger-codegen/3.0.20/swagger-codegen-3.0.20.jar:/home/jenkins-server/.m2/repository/io/swagger/swagger-parser/1.0.51/swagger-parser-1.0.51.jar:/home/jenkins-server/.m2/repository/io/swagger/swagger-core/1.6.1/swagger-core-1.6.1.jar:/home/jenkins-server/.m2/repository/io/swagger/swagger-models/1.6.1/swagger-models-1.6.1.jar:/home/jenkins-server/.m2/repository/io/swagger/swagger-annotations/1.6.1/swagger-annotations-1.6.1.jar:/home/jenkins-server/.m2/repository/io/swagger/parser/v3/swagger-parser/2.0.20/swagger-parser-2.0.20.jar:/home/jenkins-server/.m2/repository/io/swagger/parser/v3/swagger-parser-v2-converter/2.0.20/swagger-parser-v2-converter-2.0.20.jar:/home/jenkins-server/.m2/repository/io/swagger/core/v3/swagger-models/2.1.2/swagger-models-2.1.2.jar:/home/jenkins-server/.m2/repository/io/swagger/parser/v3/swagger-parser-core/2.0.20/swagger-parser-core-2.0.20.jar:/home/jenkins-server/.m2/repository/io/swagger/parser/v3/swagger-parser-v3/2.0.20/swagger-parser-v3-2.0.20.jar:/home/jenkins-server/.m2/repository/io/swagger/core/v3/swagger-core/2.1.2/swagger-core-2.1.2.jar:/home/jenkins-server/.m2/repository/io/swagger/core/v3/swagger-annotations/2.1.2/swagger-annotations-2.1.2.jar:/home/jenkins-server/.m2/repository/io/swagger/swagger-codegen/2.4.14/swagger-codegen-2.4.14.jar:/home/jenkins-server/.m2/repository/io/swagger/swagger-compat-spec-parser/1.0.51/swagger-compat-spec-parser-1.0.51.jar:/home/jenkins-server/.m2/repository/com/github/java-json-tools/json-schema-validator/2.2.8/json-schema-validator-2.2.8.jar:/home/jenkins-server/.m2/repository/com/github/java-json-tools/json-schema-core/1.2.8/json-schema-core-1.2.8.jar:/home/jenkins-server/.m2/repository/org/mozilla/rhino/1.7R4/rhino-1.7R4.jar:/home/jenkins-server/.m2/repository/com/github/fge/uri-template/0.9/uri-template-0.9.jar:/home/jenkins-server/.m2/repository/joda-time/joda-time/2.9.7/joda-time-2.9.7.jar:/home/jenkins-server/.m2/repository/com/googlecode/libphonenumber/libphonenumber/8.0.0/libphonenumber-8.0.0.jar:/home/jenkins-server/.m2/repository/net/sf/jopt-simple/jopt-simple/5.0.3/jopt-simple-5.0.3.jar:/home/jenkins-server/.m2/repository/com/github/fge/json-patch/1.6/json-patch-1.6.jar:/home/jenkins-server/.m2/repository/com/github/fge/jackson-coreutils/1.6/jackson-coreutils-1.6.jar:/home/jenkins-server/.m2/repository/com/github/fge/msg-simple/1.1/msg-simple-1.1.jar:/home/jenkins-server/.m2/repository/com/github/fge/btf/1.2/btf-1.2.jar:/home/jenkins-server/.m2/repository/com/samskivert/jmustache/1.15/jmustache-1.15.jar:/home/jenkins-server/.m2/repository/org/apache/commons/commons-lang3/3.12.0/commons-lang3-3.12.0.jar:/home/jenkins-server/.m2/repository/commons-cli/commons-cli/1.2/commons-cli-1.2.jar:/home/jenkins-server/.m2/repository/com/github/jknack/handlebars/4.1.2/handlebars-4.1.2.jar:/home/jenkins-server/.m2/repository/com/atlassian/commonmark/commonmark/0.9.0/commonmark-0.9.0.jar:/home/jenkins-server/.m2/repository/io/swagger/codegen/v3/swagger-codegen-generators/1.0.20/swagger-codegen-generators-1.0.20.jar:/home/jenkins-server/.m2/repository/com/vaadin/vaadin-dev-server/23.0.0.beta3/vaadin-dev-server-23.0.0.beta3.jar:/home/jenkins-server/.m2/repository/com/vaadin/flow-client/23.0.0.beta3/flow-client-23.0.0.beta3.jar:/home/jenkins-server/.m2/repository/com/vaadin/vaadin-lumo-theme/23.0.0.beta3/vaadin-lumo-theme-23.0.0.beta3.jar:/home/jenkins-server/.m2/repository/com/vaadin/vaadin-material-theme/23.0.0.beta3/vaadin-material-theme-23.0.0.beta3.jar:/home/jenkins-server/.m2/repository/dev/hilla/hilla-spring-boot-starter/1.0.0.beta3/hilla-spring-boot-starter-1.0.0.beta3.jar:/home/jenkins-server/.m2/repository/com/vaadin/vaadin-spring/23.0.0.beta3/vaadin-spring-23.0.0.beta3.jar:/home/jenkins-server/.m2/repository/com/vaadin/flow-push/23.0.0.beta3/flow-push-23.0.0.beta3.jar:/home/jenkins-server/.m2/repository/com/vaadin/external/atmosphere/atmosphere-runtime/2.7.3.slf4jvaadin3/atmosphere-runtime-2.7.3.slf4jvaadin3.jar:/home/jenkins-server/.m2/repository/org/springframework/spring-websocket/5.3.14/spring-websocket-5.3.14.jar:/home/jenkins-server/.m2/repository/org/springframework/boot/spring-boot-starter-actuator/2.5.8/spring-boot-starter-actuator-2.5.8.jar:/home/jenkins-server/.m2/repository/org/springframework/boot/spring-boot-starter/2.5.8/spring-boot-starter-2.5.8.jar:/home/jenkins-server/.m2/repository/org/springframework/boot/spring-boot-starter-logging/2.5.8/spring-boot-starter-logging-2.5.8.jar:/home/jenkins-server/.m2/repository/ch/qos/logback/logback-classic/1.2.9/logback-classic-1.2.9.jar:/home/jenkins-server/.m2/repository/ch/qos/logback/logback-core/1.2.9/logback-core-1.2.9.jar:/home/jenkins-server/.m2/repository/org/apache/logging/log4j/log4j-to-slf4j/2.17.0/log4j-to-slf4j-2.17.0.jar:/home/jenkins-server/.m2/repository/org/apache/logging/log4j/log4j-api/2.17.0/log4j-api-2.17.0.jar:/home/jenkins-server/.m2/repository/org/slf4j/jul-to-slf4j/1.7.32/jul-to-slf4j-1.7.32.jar:/home/jenkins-server/.m2/repository/jakarta/annotation/jakarta.annotation-api/1.3.5/jakarta.annotation-api-1.3.5.jar:/home/jenkins-server/.m2/repository/org/yaml/snakeyaml/1.28/snakeyaml-1.28.jar:/home/jenkins-server/.m2/repository/org/springframework/boot/spring-boot-actuator-autoconfigure/2.5.8/spring-boot-actuator-autoconfigure-2.5.8.jar:/home/jenkins-server/.m2/repository/org/springframework/boot/spring-boot-actuator/2.5.8/spring-boot-actuator-2.5.8.jar:/home/jenkins-server/.m2/repository/io/micrometer/micrometer-core/1.7.7/micrometer-core-1.7.7.jar:/home/jenkins-server/.m2/repository/org/hdrhistogram/HdrHistogram/2.1.12/HdrHistogram-2.1.12.jar:/home/jenkins-server/.m2/repository/org/latencyutils/LatencyUtils/2.0.3/LatencyUtils-2.0.3.jar:/home/jenkins-server/.m2/repository/org/springframework/boot/spring-boot-starter-cache/2.5.8/spring-boot-starter-cache-2.5.8.jar:/home/jenkins-server/.m2/repository/org/springframework/spring-context-support/5.3.14/spring-context-support-5.3.14.jar:/home/jenkins-server/.m2/repository/org/springframework/spring-beans/5.3.14/spring-beans-5.3.14.jar:/home/jenkins-server/.m2/repository/org/springframework/spring-context/5.3.14/spring-context-5.3.14.jar:/home/jenkins-server/.m2/repository/org/springframework/boot/spring-boot-starter-data-jpa/2.5.8/spring-boot-starter-data-jpa-2.5.8.jar:/home/jenkins-server/.m2/repository/org/springframework/boot/spring-boot-starter-aop/2.5.8/spring-boot-starter-aop-2.5.8.jar:/home/jenkins-server/.m2/repository/org/springframework/spring-aop/5.3.14/spring-aop-5.3.14.jar:/home/jenkins-server/.m2/repository/org/aspectj/aspectjweaver/1.9.7/aspectjweaver-1.9.7.jar:/home/jenkins-server/.m2/repository/org/springframework/boot/spring-boot-starter-jdbc/2.5.8/spring-boot-starter-jdbc-2.5.8.jar:/home/jenkins-server/.m2/repository/com/zaxxer/HikariCP/4.0.3/HikariCP-4.0.3.jar:/home/jenkins-server/.m2/repository/org/springframework/spring-jdbc/5.3.14/spring-jdbc-5.3.14.jar:/home/jenkins-server/.m2/repository/jakarta/transaction/jakarta.transaction-api/1.3.3/jakarta.transaction-api-1.3.3.jar:/home/jenkins-server/.m2/repository/jakarta/persistence/jakarta.persistence-api/2.2.3/jakarta.persistence-api-2.2.3.jar:/home/jenkins-server/.m2/repository/org/hibernate/hibernate-core/5.4.33/hibernate-core-5.4.33.jar:/home/jenkins-server/.m2/repository/org/jboss/logging/jboss-logging/3.4.2.Final/jboss-logging-3.4.2.Final.jar:/home/jenkins-server/.m2/repository/org/javassist/javassist/3.27.0-GA/javassist-3.27.0-GA.jar:/home/jenkins-server/.m2/repository/net/bytebuddy/byte-buddy/1.10.22/byte-buddy-1.10.22.jar:/home/jenkins-server/.m2/repository/antlr/antlr/2.7.7/antlr-2.7.7.jar:/home/jenkins-server/.m2/repository/org/jboss/jandex/2.2.3.Final/jandex-2.2.3.Final.jar:/home/jenkins-server/.m2/repository/com/fasterxml/classmate/1.5.1/classmate-1.5.1.jar:/home/jenkins-server/.m2/repository/org/dom4j/dom4j/2.1.3/dom4j-2.1.3.jar:/home/jenkins-server/.m2/repository/org/hibernate/common/hibernate-commons-annotations/5.1.2.Final/hibernate-commons-annotations-5.1.2.Final.jar:/home/jenkins-server/.m2/repository/org/glassfish/jaxb/jaxb-runtime/2.3.5/jaxb-runtime-2.3.5.jar:/home/jenkins-server/.m2/repository/org/glassfish/jaxb/txw2/2.3.5/txw2-2.3.5.jar:/home/jenkins-server/.m2/repository/com/sun/istack/istack-commons-runtime/3.0.12/istack-commons-runtime-3.0.12.jar:/home/jenkins-server/.m2/repository/com/sun/activation/jakarta.activation/1.2.2/jakarta.activation-1.2.2.jar:/home/jenkins-server/.m2/repository/org/springframework/data/spring-data-jpa/2.5.7/spring-data-jpa-2.5.7.jar:/home/jenkins-server/.m2/repository/org/springframework/spring-orm/5.3.14/spring-orm-5.3.14.jar:/home/jenkins-server/.m2/repository/org/springframework/spring-tx/5.3.14/spring-tx-5.3.14.jar:/home/jenkins-server/.m2/repository/org/springframework/spring-aspects/5.3.14/spring-aspects-5.3.14.jar:/home/jenkins-server/.m2/repository/org/springframework/boot/spring-boot-starter-web/2.5.8/spring-boot-starter-web-2.5.8.jar:/home/jenkins-server/.m2/repository/org/springframework/boot/spring-boot-starter-json/2.5.8/spring-boot-starter-json-2.5.8.jar:/home/jenkins-server/.m2/repository/com/fasterxml/jackson/datatype/jackson-datatype-jdk8/2.12.6/jackson-datatype-jdk8-2.12.6.jar:/home/jenkins-server/.m2/repository/com/fasterxml/jackson/module/jackson-module-parameter-names/2.12.6/jackson-module-parameter-names-2.12.6.jar:/home/jenkins-server/.m2/repository/org/springframework/boot/spring-boot-starter-tomcat/2.5.8/spring-boot-starter-tomcat-2.5.8.jar:/home/jenkins-server/.m2/repository/org/apache/tomcat/embed/tomcat-embed-core/9.0.56/tomcat-embed-core-9.0.56.jar:/home/jenkins-server/.m2/repository/org/apache/tomcat/embed/tomcat-embed-websocket/9.0.56/tomcat-embed-websocket-9.0.56.jar:/home/jenkins-server/.m2/repository/org/springframework/spring-web/5.3.14/spring-web-5.3.14.jar:/home/jenkins-server/.m2/repository/org/springframework/spring-webmvc/5.3.14/spring-webmvc-5.3.14.jar:/home/jenkins-server/.m2/repository/org/springframework/spring-expression/5.3.14/spring-expression-5.3.14.jar:/home/jenkins-server/.m2/repository/org/springframework/boot/spring-boot-starter-validation/2.5.8/spring-boot-starter-validation-2.5.8.jar:/home/jenkins-server/.m2/repository/org/apache/tomcat/embed/tomcat-embed-el/9.0.56/tomcat-embed-el-9.0.56.jar:/home/jenkins-server/.m2/repository/org/hibernate/validator/hibernate-validator/6.2.0.Final/hibernate-validator-6.2.0.Final.jar:/home/jenkins-server/.m2/repository/jakarta/validation/jakarta.validation-api/2.0.2/jakarta.validation-api-2.0.2.jar:/home/jenkins-server/.m2/repository/org/springframework/boot/spring-boot-starter-test/2.5.8/spring-boot-starter-test-2.5.8.jar:/home/jenkins-server/.m2/repository/org/springframework/boot/spring-boot-test/2.5.8/spring-boot-test-2.5.8.jar:/home/jenkins-server/.m2/repository/org/springframework/boot/spring-boot-test-autoconfigure/2.5.8/spring-boot-test-autoconfigure-2.5.8.jar:/home/jenkins-server/.m2/repository/com/jayway/jsonpath/json-path/2.5.0/json-path-2.5.0.jar:/home/jenkins-server/.m2/repository/net/minidev/json-smart/2.4.7/json-smart-2.4.7.jar:/home/jenkins-server/.m2/repository/net/minidev/accessors-smart/2.4.7/accessors-smart-2.4.7.jar:/home/jenkins-server/.m2/repository/org/ow2/asm/asm/9.1/asm-9.1.jar:/home/jenkins-server/.m2/repository/jakarta/xml/bind/jakarta.xml.bind-api/2.3.3/jakarta.xml.bind-api-2.3.3.jar:/home/jenkins-server/.m2/repository/jakarta/activation/jakarta.activation-api/1.2.2/jakarta.activation-api-1.2.2.jar:/home/jenkins-server/.m2/repository/org/assertj/assertj-core/3.19.0/assertj-core-3.19.0.jar:/home/jenkins-server/.m2/repository/org/hamcrest/hamcrest/2.2/hamcrest-2.2.jar:/home/jenkins-server/.m2/repository/org/junit/jupiter/junit-jupiter/5.7.2/junit-jupiter-5.7.2.jar:/home/jenkins-server/.m2/repository/org/junit/jupiter/junit-jupiter-api/5.7.2/junit-jupiter-api-5.7.2.jar:/home/jenkins-server/.m2/repository/org/apiguardian/apiguardian-api/1.1.0/apiguardian-api-1.1.0.jar:/home/jenkins-server/.m2/repository/org/opentest4j/opentest4j/1.2.0/opentest4j-1.2.0.jar:/home/jenkins-server/.m2/repository/org/junit/platform/junit-platform-commons/1.7.2/junit-platform-commons-1.7.2.jar:/home/jenkins-server/.m2/repository/org/junit/jupiter/junit-jupiter-params/5.7.2/junit-jupiter-params-5.7.2.jar:/home/jenkins-server/.m2/repository/org/junit/jupiter/junit-jupiter-engine/5.7.2/junit-jupiter-engine-5.7.2.jar:/home/jenkins-server/.m2/repository/org/junit/platform/junit-platform-engine/1.7.2/junit-platform-engine-1.7.2.jar:/home/jenkins-server/.m2/repository/org/mockito/mockito-core/3.9.0/mockito-core-3.9.0.jar:/home/jenkins-server/.m2/repository/net/bytebuddy/byte-buddy-agent/1.10.22/byte-buddy-agent-1.10.22.jar:/home/jenkins-server/.m2/repository/org/objenesis/objenesis/3.2/objenesis-3.2.jar:/home/jenkins-server/.m2/repository/org/mockito/mockito-junit-jupiter/3.9.0/mockito-junit-jupiter-3.9.0.jar:/home/jenkins-server/.m2/repository/org/skyscreamer/jsonassert/1.5.0/jsonassert-1.5.0.jar:/home/jenkins-server/.m2/repository/com/vaadin/external/google/android-json/0.0.20131108.vaadin1/android-json-0.0.20131108.vaadin1.jar:/home/jenkins-server/.m2/repository/org/springframework/spring-core/5.3.14/spring-core-5.3.14.jar:/home/jenkins-server/.m2/repository/org/springframework/spring-jcl/5.3.14/spring-jcl-5.3.14.jar:/home/jenkins-server/.m2/repository/org/springframework/spring-test/5.3.14/spring-test-5.3.14.jar:/home/jenkins-server/.m2/repository/org/xmlunit/xmlunit-core/2.8.4/xmlunit-core-2.8.4.jar:/home/jenkins-server/.m2/repository/com/h2database/h2/1.4.200/h2-1.4.200.jar:/home/jenkins-server/.m2/repository/mysql/mysql-connector-java/8.0.27/mysql-connector-java-8.0.27.jar:/home/jenkins-server/.m2/repository/javax/cache/cache-api/1.1.1/cache-api-1.1.1.jar:/home/jenkins-server/.m2/repository/org/ehcache/ehcache/3.9.9/ehcache-3.9.9.jar:/home/jenkins-server/.m2/repository/org/slf4j/slf4j-api/1.7.32/slf4j-api-1.7.32.jar:/home/jenkins-server/.m2/repository/org/springframework/boot/spring-boot-devtools/2.5.8/spring-boot-devtools-2.5.8.jar:/home/jenkins-server/.m2/repository/org/springframework/boot/spring-boot/2.5.8/spring-boot-2.5.8.jar:/home/jenkins-server/.m2/repository/org/springframework/boot/spring-boot-autoconfigure/2.5.8/spring-boot-autoconfigure-2.5.8.jar:/home/jenkins-server/.m2/repository/org/modelmapper/modelmapper/2.4.4/modelmapper-2.4.4.jar:"/>
    <property name="sun.cpu.endian" value="little"/>
    <property name="user.home" value="/home/jenkins-server"/>
    <property name="user.language" value="en"/>
    <property name="git.closest.tag.commit.count" value=""/>
    <property name="java.specification.vendor" value="Oracle Corporation"/>
    <property name="java.version.date" value="2023-01-17"/>
    <property name="java.home" value="/usr/lib/jvm/java-11-openjdk-amd64"/>
    <property name="git.total.commit.count" value="118"/>
    <property name="file.separator" value="/"/>
    <property name="basedir" value="/home/jenkins-server/Claude/spring-petclinic-hilla"/>
    <property name="java.vm.compressedOopsMode" value="32-bit"/>
    <property name="line.separator" value="&#10;"/>
    <property name="git.build.user.email" value=""/>
    <property name="git.commit.committer.time" value="2022-02-20T22:02:36+0000"/>
    <property name="java.specification.name" value="Java Platform API Specification"/>
    <property name="java.vm.specification.vendor" value="Oracle Corporation"/>
    <property name="java.awt.graphicsenv" value="sun.awt.X11GraphicsEnvironment"/>
    <property name="git.closest.tag.name" value=""/>
    <property name="git.local.branch.ahead" value="0"/>
    <property name="git.build.time" value="2023-04-26T02:40:12+0000"/>
    <property name="surefire.real.class.path" value="/home/jenkins-server/Claude/spring-petclinic-hilla/target/surefire/surefirebooter2860591232414469694.jar"/>
    <property name="git.commit.message.full" value="Use Vite for faster frontend build"/>
    <property name="sun.management.compiler" value="HotSpot 64-Bit Tiered Compilers"/>
    <property name="java.runtime.version" value="11.0.18+10-post-Ubuntu-0ubuntu122.04"/>
    <property name="user.name" value="jenkins-server"/>
    <property name="path.separator" value=":"/>
    <property name="os.version" value="5.15.0-69-generic"/>
    <property name="java.runtime.name" value="OpenJDK Runtime Environment"/>
    <property name="file.encoding" value="UTF-8"/>
    <property name="git.commit.user.email" value="marcus@vaadin.com"/>
    <property name="java.vm.name" value="OpenJDK 64-Bit Server VM"/>
    <property name="git.local.branch.behind" value="0"/>
    <property name="git.dirty" value="false"/>
    <property name="localRepository" value="/home/jenkins-server/.m2/repository"/>
    <property name="java.vendor.url.bug" value="https://bugs.launchpad.net/ubuntu/+source/openjdk-lts"/>
    <property name="java.io.tmpdir" value="/tmp"/>
    <property name="java.version" value="11.0.18"/>
    <property name="user.dir" value="/home/jenkins-server/Claude/spring-petclinic-hilla"/>
    <property name="os.arch" value="amd64"/>
    <property name="git.commit.user.name" value="Marcus Hellberg"/>
    <property name="git.commit.id.abbrev" value="d9b6854"/>
    <property name="java.vm.specification.name" value="Java Virtual Machine Specification"/>
    <property name="java.awt.printerjob" value="sun.print.PSPrinterJob"/>
    <property name="git.commit.id.describe-short" value="d9b6854"/>
    <property name="sun.os.patch.level" value="unknown"/>
    <property name="git.commit.id.describe" value="d9b6854"/>
    <property name="java.library.path" value="/usr/java/packages/lib:/usr/lib/x86_64-linux-gnu/jni:/lib/x86_64-linux-gnu:/usr/lib/x86_64-linux-gnu:/usr/lib/jni:/lib:/usr/lib"/>
    <property name="git.commit.message.short" value="Use Vite for faster frontend build"/>
    <property name="java.vm.info" value="mixed mode, sharing"/>
    <property name="java.vendor" value="Ubuntu"/>
    <property name="java.vm.version" value="11.0.18+10-post-Ubuntu-0ubuntu122.04"/>
    <property name="sun.io.unicode.encoding" value="UnicodeLittle"/>
    <property name="java.class.version" value="55.0"/>
    <property name="git.commit.time" value="2022-02-20T22:02:36+0000"/>
    <property name="git.remote.origin.url" value="https://github.com/guruskill7/spring-petclinic-hilla.git"/>
  </properties>
  <testcase name="shouldFindVets" classname="org.springframework.samples.petclinic.service.ClinicServiceTests" time="0.128"/>
  <testcase name="shouldFindOwnersByLastName" classname="org.springframework.samples.petclinic.service.ClinicServiceTests" time="0.153"/>
  <testcase name="shouldAddNewVisitForPet" classname="org.springframework.samples.petclinic.service.ClinicServiceTests" time="0.129"/>
  <testcase name="shouldUpdateOwner" classname="org.springframework.samples.petclinic.service.ClinicServiceTests" time="0.097"/>
  <testcase name="shouldFindVisitsByPetId" classname="org.springframework.samples.petclinic.service.ClinicServiceTests" time="0.078"/>
  <testcase name="shouldInsertPetIntoDatabaseAndGenerateId" classname="org.springframework.samples.petclinic.service.ClinicServiceTests" time="0.086"/>
  <testcase name="shouldInsertOwner" classname="org.springframework.samples.petclinic.service.ClinicServiceTests" time="0.076"/>
  <testcase name="shouldFindSingleOwnerWithPet" classname="org.springframework.samples.petclinic.service.ClinicServiceTests" time="0.064"/>
  <testcase name="shouldUpdatePetName" classname="org.springframework.samples.petclinic.service.ClinicServiceTests" time="0.084"/>
  <testcase name="shouldFindAllPetTypes" classname="org.springframework.samples.petclinic.service.ClinicServiceTests" time="0.067"/>
  <testcase name="shouldFindPetWithCorrectId" classname="org.springframework.samples.petclinic.service.ClinicServiceTests" time="0.063"/>
</testsuite>